[DEBUG] 2023-09-15 10:27:01.803 [main] InternalLoggerFactory - Using Log4J2 as the default logging framework
[DEBUG] 2023-09-15 10:27:01.819 [main] ResourceLeakDetector - -Dio.netty.leakDetection.level: simple
[DEBUG] 2023-09-15 10:27:01.819 [main] ResourceLeakDetector - -Dio.netty.leakDetection.targetRecords: 4
[DEBUG] 2023-09-15 10:27:01.824 [main] ResourceLeakDetectorFactory - Loaded default ResourceLeakDetector: io.netty.util.ResourceLeakDetector@5116ac09
[DEBUG] 2023-09-15 10:27:01.845 [main] PlatformDependent0 - -Dio.netty.noUnsafe: false
[DEBUG] 2023-09-15 10:27:01.845 [main] PlatformDependent0 - Java version: 17
[DEBUG] 2023-09-15 10:27:01.847 [main] PlatformDependent0 - sun.misc.Unsafe.theUnsafe: available
[DEBUG] 2023-09-15 10:27:01.848 [main] PlatformDependent0 - sun.misc.Unsafe.copyMemory: available
[DEBUG] 2023-09-15 10:27:01.848 [main] PlatformDependent0 - sun.misc.Unsafe.storeFence: available
[DEBUG] 2023-09-15 10:27:01.848 [main] PlatformDependent0 - java.nio.Buffer.address: available
[DEBUG] 2023-09-15 10:27:01.849 [main] PlatformDependent0 - direct buffer constructor: unavailable: Reflective setAccessible(true) disabled
[DEBUG] 2023-09-15 10:27:01.849 [main] PlatformDependent0 - java.nio.Bits.unaligned: available, true
[DEBUG] 2023-09-15 10:27:01.851 [main] PlatformDependent0 - jdk.internal.misc.Unsafe.allocateUninitializedArray(int): unavailable: class io.netty.util.internal.PlatformDependent0$7 cannot access class jdk.internal.misc.Unsafe (in module java.base) because module java.base does not export jdk.internal.misc to unnamed module @6cc7b4de
[DEBUG] 2023-09-15 10:27:01.852 [main] PlatformDependent0 - java.nio.DirectByteBuffer.<init>(long, {int,long}): unavailable
[DEBUG] 2023-09-15 10:27:01.852 [main] PlatformDependent - sun.misc.Unsafe: available
[DEBUG] 2023-09-15 10:27:01.853 [main] PlatformDependent - maxDirectMemory: 2086666240 bytes (maybe)
[DEBUG] 2023-09-15 10:27:01.853 [main] PlatformDependent - -Dio.netty.tmpdir: C:\Users\AGHORP~1\AppData\Local\Temp (java.io.tmpdir)
[DEBUG] 2023-09-15 10:27:01.853 [main] PlatformDependent - -Dio.netty.bitMode: 64 (sun.arch.data.model)
[DEBUG] 2023-09-15 10:27:01.853 [main] PlatformDependent - Platform: Windows
[DEBUG] 2023-09-15 10:27:01.854 [main] PlatformDependent - -Dio.netty.maxDirectMemory: -1 bytes
[DEBUG] 2023-09-15 10:27:01.854 [main] PlatformDependent - -Dio.netty.uninitializedArrayAllocationThreshold: -1
[DEBUG] 2023-09-15 10:27:01.855 [main] CleanerJava9 - java.nio.ByteBuffer.cleaner(): available
[DEBUG] 2023-09-15 10:27:01.855 [main] PlatformDependent - -Dio.netty.noPreferDirect: false
[DEBUG] 2023-09-15 10:27:01.863 [main] PlatformDependent - org.jctools-core.MpscChunkedArrayQueue: available
[DEBUG] 2023-09-15 10:27:01.883 [main] InternalThreadLocalMap - -Dio.netty.threadLocalMap.stringBuilder.initialSize: 1024
[DEBUG] 2023-09-15 10:27:01.883 [main] InternalThreadLocalMap - -Dio.netty.threadLocalMap.stringBuilder.maxSize: 4096
[DEBUG] 2023-09-15 10:27:02.094 [main] JdkSslContext - Default protocols (JDK): [TLSv1.3, TLSv1.2] 
[DEBUG] 2023-09-15 10:27:02.094 [main] JdkSslContext - Default cipher suites (JDK): [TLS_ECDHE_ECDSA_WITH_AES_256_GCM_SHA384, TLS_ECDHE_ECDSA_WITH_AES_128_GCM_SHA256, TLS_ECDHE_RSA_WITH_AES_128_GCM_SHA256, TLS_ECDHE_RSA_WITH_AES_256_GCM_SHA384, TLS_ECDHE_RSA_WITH_AES_128_CBC_SHA, TLS_ECDHE_RSA_WITH_AES_256_CBC_SHA, TLS_RSA_WITH_AES_128_GCM_SHA256, TLS_RSA_WITH_AES_128_CBC_SHA, TLS_RSA_WITH_AES_256_CBC_SHA, TLS_AES_128_GCM_SHA256, TLS_AES_256_GCM_SHA384]
[DEBUG] 2023-09-15 10:27:02.115 [main] GlobalEventExecutor - -Dio.netty.globalEventExecutor.quietPeriodSeconds: 1
[DEBUG] 2023-09-15 10:27:02.132 [main] MultithreadEventLoopGroup - -Dio.netty.eventLoopThreads: 16
[DEBUG] 2023-09-15 10:27:02.143 [main] NioEventLoop - -Dio.netty.noKeySetOptimization: false
[DEBUG] 2023-09-15 10:27:02.143 [main] NioEventLoop - -Dio.netty.selectorAutoRebuildThreshold: 512
[DEBUG] 2023-09-15 10:27:02.214 [main] PooledByteBufAllocator - -Dio.netty.allocator.numHeapArenas: 16
[DEBUG] 2023-09-15 10:27:02.214 [main] PooledByteBufAllocator - -Dio.netty.allocator.numDirectArenas: 16
[DEBUG] 2023-09-15 10:27:02.215 [main] PooledByteBufAllocator - -Dio.netty.allocator.pageSize: 8192
[DEBUG] 2023-09-15 10:27:02.215 [main] PooledByteBufAllocator - -Dio.netty.allocator.maxOrder: 9
[DEBUG] 2023-09-15 10:27:02.215 [main] PooledByteBufAllocator - -Dio.netty.allocator.chunkSize: 4194304
[DEBUG] 2023-09-15 10:27:02.215 [main] PooledByteBufAllocator - -Dio.netty.allocator.smallCacheSize: 256
[DEBUG] 2023-09-15 10:27:02.215 [main] PooledByteBufAllocator - -Dio.netty.allocator.normalCacheSize: 64
[DEBUG] 2023-09-15 10:27:02.215 [main] PooledByteBufAllocator - -Dio.netty.allocator.maxCachedBufferCapacity: 32768
[DEBUG] 2023-09-15 10:27:02.215 [main] PooledByteBufAllocator - -Dio.netty.allocator.cacheTrimInterval: 8192
[DEBUG] 2023-09-15 10:27:02.215 [main] PooledByteBufAllocator - -Dio.netty.allocator.cacheTrimIntervalMillis: 0
[DEBUG] 2023-09-15 10:27:02.215 [main] PooledByteBufAllocator - -Dio.netty.allocator.useCacheForAllThreads: false
[DEBUG] 2023-09-15 10:27:02.215 [main] PooledByteBufAllocator - -Dio.netty.allocator.maxCachedByteBuffersPerChunk: 1023
[DEBUG] 2023-09-15 10:27:02.230 [main] ByteBufUtil - -Dio.netty.allocator.type: pooled
[DEBUG] 2023-09-15 10:27:02.231 [main] ByteBufUtil - -Dio.netty.threadLocalDirectBufferSize: 0
[DEBUG] 2023-09-15 10:27:02.231 [main] ByteBufUtil - -Dio.netty.maxThreadLocalCharBufferSize: 16384
[DEBUG] 2023-09-15 10:27:03.192 [Forwarding newSession on session null to remote] DefaultChannelId - -Dio.netty.processId: 5624 (auto-detected)
[DEBUG] 2023-09-15 10:27:03.194 [Forwarding newSession on session null to remote] NetUtil - -Djava.net.preferIPv4Stack: false
[DEBUG] 2023-09-15 10:27:03.194 [Forwarding newSession on session null to remote] NetUtil - -Djava.net.preferIPv6Addresses: false
[DEBUG] 2023-09-15 10:27:03.208 [Forwarding newSession on session null to remote] NetUtilInitializations - Loopback interface: lo (Software Loopback Interface 1, 127.0.0.1)
[DEBUG] 2023-09-15 10:27:03.209 [Forwarding newSession on session null to remote] NetUtil - Failed to get SOMAXCONN from sysctl and file \proc\sys\net\core\somaxconn. Default: 200
[DEBUG] 2023-09-15 10:27:03.226 [Forwarding newSession on session null to remote] DefaultChannelId - -Dio.netty.machineId: d4:1b:81:ff:fe:13:65:1f (auto-detected)
[DEBUG] 2023-09-15 10:27:03.270 [AsyncHttpClient-1-2] AbstractByteBuf - -Dio.netty.buffer.checkAccessible: true
[DEBUG] 2023-09-15 10:27:03.270 [AsyncHttpClient-1-2] AbstractByteBuf - -Dio.netty.buffer.checkBounds: true
[DEBUG] 2023-09-15 10:27:03.270 [AsyncHttpClient-1-2] ResourceLeakDetectorFactory - Loaded default ResourceLeakDetector: io.netty.util.ResourceLeakDetector@2136b114
[DEBUG] 2023-09-15 10:27:03.297 [AsyncHttpClient-1-2] Recycler - -Dio.netty.recycler.maxCapacityPerThread: 4096
[DEBUG] 2023-09-15 10:27:03.297 [AsyncHttpClient-1-2] Recycler - -Dio.netty.recycler.ratio: 8
[DEBUG] 2023-09-15 10:27:03.297 [AsyncHttpClient-1-2] Recycler - -Dio.netty.recycler.chunkSize: 32
[DEBUG] 2023-09-15 10:27:03.297 [AsyncHttpClient-1-2] Recycler - -Dio.netty.recycler.blocking: false
[DEBUG] 2023-09-15 10:27:03.297 [AsyncHttpClient-1-2] Recycler - -Dio.netty.recycler.batchFastThreadLocalOnly: true
[DEBUG] 2023-09-15 10:27:04.286 [AsyncHttpClient-1-2] Brotli - brotli4j not in the classpath; Brotli support will be unavailable.
[DEBUG] 2023-09-15 10:27:04.535 [main] ThreadLocalRandom - -Dio.netty.initialSeedUniquifier: 0xda6fe6d6b7599a54
[DEBUG] 2023-09-15 10:35:02.770 [main] InternalLoggerFactory - Using Log4J2 as the default logging framework
[DEBUG] 2023-09-15 10:35:02.784 [main] ResourceLeakDetector - -Dio.netty.leakDetection.level: simple
[DEBUG] 2023-09-15 10:35:02.784 [main] ResourceLeakDetector - -Dio.netty.leakDetection.targetRecords: 4
[DEBUG] 2023-09-15 10:35:02.788 [main] ResourceLeakDetectorFactory - Loaded default ResourceLeakDetector: io.netty.util.ResourceLeakDetector@322803db
[DEBUG] 2023-09-15 10:35:02.810 [main] PlatformDependent0 - -Dio.netty.noUnsafe: false
[DEBUG] 2023-09-15 10:35:02.810 [main] PlatformDependent0 - Java version: 17
[DEBUG] 2023-09-15 10:35:02.812 [main] PlatformDependent0 - sun.misc.Unsafe.theUnsafe: available
[DEBUG] 2023-09-15 10:35:02.813 [main] PlatformDependent0 - sun.misc.Unsafe.copyMemory: available
[DEBUG] 2023-09-15 10:35:02.813 [main] PlatformDependent0 - sun.misc.Unsafe.storeFence: available
[DEBUG] 2023-09-15 10:35:02.814 [main] PlatformDependent0 - java.nio.Buffer.address: available
[DEBUG] 2023-09-15 10:35:02.814 [main] PlatformDependent0 - direct buffer constructor: unavailable: Reflective setAccessible(true) disabled
[DEBUG] 2023-09-15 10:35:02.815 [main] PlatformDependent0 - java.nio.Bits.unaligned: available, true
[DEBUG] 2023-09-15 10:35:02.816 [main] PlatformDependent0 - jdk.internal.misc.Unsafe.allocateUninitializedArray(int): unavailable: class io.netty.util.internal.PlatformDependent0$7 cannot access class jdk.internal.misc.Unsafe (in module java.base) because module java.base does not export jdk.internal.misc to unnamed module @6cc7b4de
[DEBUG] 2023-09-15 10:35:02.817 [main] PlatformDependent0 - java.nio.DirectByteBuffer.<init>(long, {int,long}): unavailable
[DEBUG] 2023-09-15 10:35:02.817 [main] PlatformDependent - sun.misc.Unsafe: available
[DEBUG] 2023-09-15 10:35:02.817 [main] PlatformDependent - maxDirectMemory: 2086666240 bytes (maybe)
[DEBUG] 2023-09-15 10:35:02.818 [main] PlatformDependent - -Dio.netty.tmpdir: C:\Users\AGHORP~1\AppData\Local\Temp (java.io.tmpdir)
[DEBUG] 2023-09-15 10:35:02.818 [main] PlatformDependent - -Dio.netty.bitMode: 64 (sun.arch.data.model)
[DEBUG] 2023-09-15 10:35:02.818 [main] PlatformDependent - Platform: Windows
[DEBUG] 2023-09-15 10:35:02.819 [main] PlatformDependent - -Dio.netty.maxDirectMemory: -1 bytes
[DEBUG] 2023-09-15 10:35:02.819 [main] PlatformDependent - -Dio.netty.uninitializedArrayAllocationThreshold: -1
[DEBUG] 2023-09-15 10:35:02.820 [main] CleanerJava9 - java.nio.ByteBuffer.cleaner(): available
[DEBUG] 2023-09-15 10:35:02.820 [main] PlatformDependent - -Dio.netty.noPreferDirect: false
[DEBUG] 2023-09-15 10:35:02.828 [main] PlatformDependent - org.jctools-core.MpscChunkedArrayQueue: available
[DEBUG] 2023-09-15 10:35:02.844 [main] InternalThreadLocalMap - -Dio.netty.threadLocalMap.stringBuilder.initialSize: 1024
[DEBUG] 2023-09-15 10:35:02.844 [main] InternalThreadLocalMap - -Dio.netty.threadLocalMap.stringBuilder.maxSize: 4096
[DEBUG] 2023-09-15 10:35:02.973 [main] JdkSslContext - Default protocols (JDK): [TLSv1.3, TLSv1.2] 
[DEBUG] 2023-09-15 10:35:02.973 [main] JdkSslContext - Default cipher suites (JDK): [TLS_ECDHE_ECDSA_WITH_AES_256_GCM_SHA384, TLS_ECDHE_ECDSA_WITH_AES_128_GCM_SHA256, TLS_ECDHE_RSA_WITH_AES_128_GCM_SHA256, TLS_ECDHE_RSA_WITH_AES_256_GCM_SHA384, TLS_ECDHE_RSA_WITH_AES_128_CBC_SHA, TLS_ECDHE_RSA_WITH_AES_256_CBC_SHA, TLS_RSA_WITH_AES_128_GCM_SHA256, TLS_RSA_WITH_AES_128_CBC_SHA, TLS_RSA_WITH_AES_256_CBC_SHA, TLS_AES_128_GCM_SHA256, TLS_AES_256_GCM_SHA384]
[DEBUG] 2023-09-15 10:35:02.985 [main] GlobalEventExecutor - -Dio.netty.globalEventExecutor.quietPeriodSeconds: 1
[DEBUG] 2023-09-15 10:35:02.996 [main] MultithreadEventLoopGroup - -Dio.netty.eventLoopThreads: 16
[DEBUG] 2023-09-15 10:35:03.005 [main] NioEventLoop - -Dio.netty.noKeySetOptimization: false
[DEBUG] 2023-09-15 10:35:03.005 [main] NioEventLoop - -Dio.netty.selectorAutoRebuildThreshold: 512
[DEBUG] 2023-09-15 10:35:03.062 [main] PooledByteBufAllocator - -Dio.netty.allocator.numHeapArenas: 16
[DEBUG] 2023-09-15 10:35:03.062 [main] PooledByteBufAllocator - -Dio.netty.allocator.numDirectArenas: 16
[DEBUG] 2023-09-15 10:35:03.062 [main] PooledByteBufAllocator - -Dio.netty.allocator.pageSize: 8192
[DEBUG] 2023-09-15 10:35:03.062 [main] PooledByteBufAllocator - -Dio.netty.allocator.maxOrder: 9
[DEBUG] 2023-09-15 10:35:03.062 [main] PooledByteBufAllocator - -Dio.netty.allocator.chunkSize: 4194304
[DEBUG] 2023-09-15 10:35:03.062 [main] PooledByteBufAllocator - -Dio.netty.allocator.smallCacheSize: 256
[DEBUG] 2023-09-15 10:35:03.062 [main] PooledByteBufAllocator - -Dio.netty.allocator.normalCacheSize: 64
[DEBUG] 2023-09-15 10:35:03.062 [main] PooledByteBufAllocator - -Dio.netty.allocator.maxCachedBufferCapacity: 32768
[DEBUG] 2023-09-15 10:35:03.062 [main] PooledByteBufAllocator - -Dio.netty.allocator.cacheTrimInterval: 8192
[DEBUG] 2023-09-15 10:35:03.062 [main] PooledByteBufAllocator - -Dio.netty.allocator.cacheTrimIntervalMillis: 0
[DEBUG] 2023-09-15 10:35:03.063 [main] PooledByteBufAllocator - -Dio.netty.allocator.useCacheForAllThreads: false
[DEBUG] 2023-09-15 10:35:03.063 [main] PooledByteBufAllocator - -Dio.netty.allocator.maxCachedByteBuffersPerChunk: 1023
[DEBUG] 2023-09-15 10:35:03.071 [main] ByteBufUtil - -Dio.netty.allocator.type: pooled
[DEBUG] 2023-09-15 10:35:03.071 [main] ByteBufUtil - -Dio.netty.threadLocalDirectBufferSize: 0
[DEBUG] 2023-09-15 10:35:03.071 [main] ByteBufUtil - -Dio.netty.maxThreadLocalCharBufferSize: 16384
[DEBUG] 2023-09-15 10:35:03.322 [Forwarding newSession on session null to remote] DefaultChannelId - -Dio.netty.processId: 1420 (auto-detected)
[DEBUG] 2023-09-15 10:35:03.323 [Forwarding newSession on session null to remote] NetUtil - -Djava.net.preferIPv4Stack: false
[DEBUG] 2023-09-15 10:35:03.323 [Forwarding newSession on session null to remote] NetUtil - -Djava.net.preferIPv6Addresses: false
[DEBUG] 2023-09-15 10:35:03.336 [Forwarding newSession on session null to remote] NetUtilInitializations - Loopback interface: lo (Software Loopback Interface 1, 127.0.0.1)
[DEBUG] 2023-09-15 10:35:03.336 [Forwarding newSession on session null to remote] NetUtil - Failed to get SOMAXCONN from sysctl and file \proc\sys\net\core\somaxconn. Default: 200
[DEBUG] 2023-09-15 10:35:03.352 [Forwarding newSession on session null to remote] DefaultChannelId - -Dio.netty.machineId: d4:1b:81:ff:fe:13:65:1f (auto-detected)
[DEBUG] 2023-09-15 10:35:03.390 [AsyncHttpClient-1-2] AbstractByteBuf - -Dio.netty.buffer.checkAccessible: true
[DEBUG] 2023-09-15 10:35:03.391 [AsyncHttpClient-1-2] AbstractByteBuf - -Dio.netty.buffer.checkBounds: true
[DEBUG] 2023-09-15 10:35:03.391 [AsyncHttpClient-1-2] ResourceLeakDetectorFactory - Loaded default ResourceLeakDetector: io.netty.util.ResourceLeakDetector@6374f971
[DEBUG] 2023-09-15 10:35:03.419 [AsyncHttpClient-1-2] Recycler - -Dio.netty.recycler.maxCapacityPerThread: 4096
[DEBUG] 2023-09-15 10:35:03.419 [AsyncHttpClient-1-2] Recycler - -Dio.netty.recycler.ratio: 8
[DEBUG] 2023-09-15 10:35:03.419 [AsyncHttpClient-1-2] Recycler - -Dio.netty.recycler.chunkSize: 32
[DEBUG] 2023-09-15 10:35:03.419 [AsyncHttpClient-1-2] Recycler - -Dio.netty.recycler.blocking: false
[DEBUG] 2023-09-15 10:35:03.419 [AsyncHttpClient-1-2] Recycler - -Dio.netty.recycler.batchFastThreadLocalOnly: true
[DEBUG] 2023-09-15 10:35:04.075 [AsyncHttpClient-1-2] Brotli - brotli4j not in the classpath; Brotli support will be unavailable.
[DEBUG] 2023-09-15 10:35:04.267 [main] ThreadLocalRandom - -Dio.netty.initialSeedUniquifier: 0x3ddf6da0c881237b
[DEBUG] 2023-09-15 10:36:02.841 [main] InternalLoggerFactory - Using Log4J2 as the default logging framework
[DEBUG] 2023-09-15 10:36:02.857 [main] ResourceLeakDetector - -Dio.netty.leakDetection.level: simple
[DEBUG] 2023-09-15 10:36:02.857 [main] ResourceLeakDetector - -Dio.netty.leakDetection.targetRecords: 4
[DEBUG] 2023-09-15 10:36:02.862 [main] ResourceLeakDetectorFactory - Loaded default ResourceLeakDetector: io.netty.util.ResourceLeakDetector@322803db
[DEBUG] 2023-09-15 10:36:02.881 [main] PlatformDependent0 - -Dio.netty.noUnsafe: false
[DEBUG] 2023-09-15 10:36:02.882 [main] PlatformDependent0 - Java version: 17
[DEBUG] 2023-09-15 10:36:02.883 [main] PlatformDependent0 - sun.misc.Unsafe.theUnsafe: available
[DEBUG] 2023-09-15 10:36:02.884 [main] PlatformDependent0 - sun.misc.Unsafe.copyMemory: available
[DEBUG] 2023-09-15 10:36:02.884 [main] PlatformDependent0 - sun.misc.Unsafe.storeFence: available
[DEBUG] 2023-09-15 10:36:02.884 [main] PlatformDependent0 - java.nio.Buffer.address: available
[DEBUG] 2023-09-15 10:36:02.885 [main] PlatformDependent0 - direct buffer constructor: unavailable: Reflective setAccessible(true) disabled
[DEBUG] 2023-09-15 10:36:02.885 [main] PlatformDependent0 - java.nio.Bits.unaligned: available, true
[DEBUG] 2023-09-15 10:36:02.886 [main] PlatformDependent0 - jdk.internal.misc.Unsafe.allocateUninitializedArray(int): unavailable: class io.netty.util.internal.PlatformDependent0$7 cannot access class jdk.internal.misc.Unsafe (in module java.base) because module java.base does not export jdk.internal.misc to unnamed module @6cc7b4de
[DEBUG] 2023-09-15 10:36:02.888 [main] PlatformDependent0 - java.nio.DirectByteBuffer.<init>(long, {int,long}): unavailable
[DEBUG] 2023-09-15 10:36:02.888 [main] PlatformDependent - sun.misc.Unsafe: available
[DEBUG] 2023-09-15 10:36:02.888 [main] PlatformDependent - maxDirectMemory: 2086666240 bytes (maybe)
[DEBUG] 2023-09-15 10:36:02.888 [main] PlatformDependent - -Dio.netty.tmpdir: C:\Users\AGHORP~1\AppData\Local\Temp (java.io.tmpdir)
[DEBUG] 2023-09-15 10:36:02.889 [main] PlatformDependent - -Dio.netty.bitMode: 64 (sun.arch.data.model)
[DEBUG] 2023-09-15 10:36:02.889 [main] PlatformDependent - Platform: Windows
[DEBUG] 2023-09-15 10:36:02.889 [main] PlatformDependent - -Dio.netty.maxDirectMemory: -1 bytes
[DEBUG] 2023-09-15 10:36:02.890 [main] PlatformDependent - -Dio.netty.uninitializedArrayAllocationThreshold: -1
[DEBUG] 2023-09-15 10:36:02.891 [main] CleanerJava9 - java.nio.ByteBuffer.cleaner(): available
[DEBUG] 2023-09-15 10:36:02.891 [main] PlatformDependent - -Dio.netty.noPreferDirect: false
[DEBUG] 2023-09-15 10:36:02.898 [main] PlatformDependent - org.jctools-core.MpscChunkedArrayQueue: available
[DEBUG] 2023-09-15 10:36:02.914 [main] InternalThreadLocalMap - -Dio.netty.threadLocalMap.stringBuilder.initialSize: 1024
[DEBUG] 2023-09-15 10:36:02.914 [main] InternalThreadLocalMap - -Dio.netty.threadLocalMap.stringBuilder.maxSize: 4096
[DEBUG] 2023-09-15 10:36:03.043 [main] JdkSslContext - Default protocols (JDK): [TLSv1.3, TLSv1.2] 
[DEBUG] 2023-09-15 10:36:03.043 [main] JdkSslContext - Default cipher suites (JDK): [TLS_ECDHE_ECDSA_WITH_AES_256_GCM_SHA384, TLS_ECDHE_ECDSA_WITH_AES_128_GCM_SHA256, TLS_ECDHE_RSA_WITH_AES_128_GCM_SHA256, TLS_ECDHE_RSA_WITH_AES_256_GCM_SHA384, TLS_ECDHE_RSA_WITH_AES_128_CBC_SHA, TLS_ECDHE_RSA_WITH_AES_256_CBC_SHA, TLS_RSA_WITH_AES_128_GCM_SHA256, TLS_RSA_WITH_AES_128_CBC_SHA, TLS_RSA_WITH_AES_256_CBC_SHA, TLS_AES_128_GCM_SHA256, TLS_AES_256_GCM_SHA384]
[DEBUG] 2023-09-15 10:36:03.057 [main] GlobalEventExecutor - -Dio.netty.globalEventExecutor.quietPeriodSeconds: 1
[DEBUG] 2023-09-15 10:36:03.069 [main] MultithreadEventLoopGroup - -Dio.netty.eventLoopThreads: 16
[DEBUG] 2023-09-15 10:36:03.077 [main] NioEventLoop - -Dio.netty.noKeySetOptimization: false
[DEBUG] 2023-09-15 10:36:03.078 [main] NioEventLoop - -Dio.netty.selectorAutoRebuildThreshold: 512
[DEBUG] 2023-09-15 10:36:03.134 [main] PooledByteBufAllocator - -Dio.netty.allocator.numHeapArenas: 16
[DEBUG] 2023-09-15 10:36:03.134 [main] PooledByteBufAllocator - -Dio.netty.allocator.numDirectArenas: 16
[DEBUG] 2023-09-15 10:36:03.134 [main] PooledByteBufAllocator - -Dio.netty.allocator.pageSize: 8192
[DEBUG] 2023-09-15 10:36:03.134 [main] PooledByteBufAllocator - -Dio.netty.allocator.maxOrder: 9
[DEBUG] 2023-09-15 10:36:03.135 [main] PooledByteBufAllocator - -Dio.netty.allocator.chunkSize: 4194304
[DEBUG] 2023-09-15 10:36:03.135 [main] PooledByteBufAllocator - -Dio.netty.allocator.smallCacheSize: 256
[DEBUG] 2023-09-15 10:36:03.135 [main] PooledByteBufAllocator - -Dio.netty.allocator.normalCacheSize: 64
[DEBUG] 2023-09-15 10:36:03.135 [main] PooledByteBufAllocator - -Dio.netty.allocator.maxCachedBufferCapacity: 32768
[DEBUG] 2023-09-15 10:36:03.135 [main] PooledByteBufAllocator - -Dio.netty.allocator.cacheTrimInterval: 8192
[DEBUG] 2023-09-15 10:36:03.135 [main] PooledByteBufAllocator - -Dio.netty.allocator.cacheTrimIntervalMillis: 0
[DEBUG] 2023-09-15 10:36:03.135 [main] PooledByteBufAllocator - -Dio.netty.allocator.useCacheForAllThreads: false
[DEBUG] 2023-09-15 10:36:03.135 [main] PooledByteBufAllocator - -Dio.netty.allocator.maxCachedByteBuffersPerChunk: 1023
[DEBUG] 2023-09-15 10:36:03.151 [main] ByteBufUtil - -Dio.netty.allocator.type: pooled
[DEBUG] 2023-09-15 10:36:03.152 [main] ByteBufUtil - -Dio.netty.threadLocalDirectBufferSize: 0
[DEBUG] 2023-09-15 10:36:03.152 [main] ByteBufUtil - -Dio.netty.maxThreadLocalCharBufferSize: 16384
[DEBUG] 2023-09-15 10:36:03.447 [Forwarding newSession on session null to remote] DefaultChannelId - -Dio.netty.processId: 4316 (auto-detected)
[DEBUG] 2023-09-15 10:36:03.449 [Forwarding newSession on session null to remote] NetUtil - -Djava.net.preferIPv4Stack: false
[DEBUG] 2023-09-15 10:36:03.449 [Forwarding newSession on session null to remote] NetUtil - -Djava.net.preferIPv6Addresses: false
[DEBUG] 2023-09-15 10:36:03.462 [Forwarding newSession on session null to remote] NetUtilInitializations - Loopback interface: lo (Software Loopback Interface 1, 127.0.0.1)
[DEBUG] 2023-09-15 10:36:03.463 [Forwarding newSession on session null to remote] NetUtil - Failed to get SOMAXCONN from sysctl and file \proc\sys\net\core\somaxconn. Default: 200
[DEBUG] 2023-09-15 10:36:03.480 [Forwarding newSession on session null to remote] DefaultChannelId - -Dio.netty.machineId: d4:1b:81:ff:fe:13:65:1f (auto-detected)
[DEBUG] 2023-09-15 10:36:03.519 [AsyncHttpClient-1-2] AbstractByteBuf - -Dio.netty.buffer.checkAccessible: true
[DEBUG] 2023-09-15 10:36:03.519 [AsyncHttpClient-1-2] AbstractByteBuf - -Dio.netty.buffer.checkBounds: true
[DEBUG] 2023-09-15 10:36:03.519 [AsyncHttpClient-1-2] ResourceLeakDetectorFactory - Loaded default ResourceLeakDetector: io.netty.util.ResourceLeakDetector@64e35b59
[DEBUG] 2023-09-15 10:36:03.545 [AsyncHttpClient-1-2] Recycler - -Dio.netty.recycler.maxCapacityPerThread: 4096
[DEBUG] 2023-09-15 10:36:03.545 [AsyncHttpClient-1-2] Recycler - -Dio.netty.recycler.ratio: 8
[DEBUG] 2023-09-15 10:36:03.545 [AsyncHttpClient-1-2] Recycler - -Dio.netty.recycler.chunkSize: 32
[DEBUG] 2023-09-15 10:36:03.545 [AsyncHttpClient-1-2] Recycler - -Dio.netty.recycler.blocking: false
[DEBUG] 2023-09-15 10:36:03.545 [AsyncHttpClient-1-2] Recycler - -Dio.netty.recycler.batchFastThreadLocalOnly: true
[DEBUG] 2023-09-15 10:36:04.338 [AsyncHttpClient-1-2] Brotli - brotli4j not in the classpath; Brotli support will be unavailable.
[DEBUG] 2023-09-15 10:36:04.505 [main] ThreadLocalRandom - -Dio.netty.initialSeedUniquifier: 0xfb0c1772278c3166
